#
# There is insufficient memory for the Java Runtime Environment to continue.
# Native memory allocation (malloc) failed to allocate 1048576 bytes for AllocateHeap
# Possible reasons:
#   The system is out of physical RAM or swap space
#   In 32 bit mode, the process size limit was hit
# Possible solutions:
#   Reduce memory load on the system
#   Increase physical memory or swap space
#   Check if swap backing store is full
#   Use 64 bit Java on a 64 bit OS
#   Decrease Java heap size (-Xmx/-Xms)
#   Decrease number of Java threads
#   Decrease Java thread stack sizes (-Xss)
#   Set larger code cache with -XX:ReservedCodeCacheSize=
# This output file may be truncated or incomplete.
#
#  Out of Memory Error (memory/allocation.inline.hpp:61), pid=11576, tid=0x0000000000001438
#
# JRE version:  (8.0_92-b14) (build )
# Java VM: Java HotSpot(TM) 64-Bit Server VM (25.92-b14 mixed mode windows-amd64 compressed oops)
# Failed to write core dump. Minidumps are not enabled by default on client versions of Windows
#

---------------  T H R E A D  ---------------

Current thread (0x00000000026fe000):  JavaThread "Unknown thread" [_thread_in_vm, id=5176, stack(0x0000000002560000,0x0000000002660000)]

Stack: [0x0000000002560000,0x0000000002660000]
[error occurred during error reporting (printing stack bounds), id 0xc0000005]

Native frames: (J=compiled Java code, j=interpreted, Vv=VM code, C=native code)


---------------  P R O C E S S  ---------------

Java Threads: ( => current thread )

Other Threads:

=>0x00000000026fe000 (exited) JavaThread "Unknown thread" [_thread_in_vm, id=5176, stack(0x0000000002560000,0x0000000002660000)]

VM state:not at safepoint (normal execution)

VM Mutex/Monitor currently owned by a thread: None

Heap:
 PSYoungGen      total 38400K, used 665K [0x00000000eab00000, 0x00000000ed580000, 0x0000000100000000)
  eden space 33280K, 2% used [0x00000000eab00000,0x00000000eaba6670,0x00000000ecb80000)
  from space 5120K, 0% used [0x00000000ed080000,0x00000000ed080000,0x00000000ed580000)
  to   space 5120K, 0% used [0x00000000ecb80000,0x00000000ecb80000,0x00000000ed080000)
 ParOldGen       total 87552K, used 0K [0x00000000c0000000, 0x00000000c5580000, 0x00000000eab00000)
  object space 87552K, 0% used [0x00000000c0000000,0x00000000c0000000,0x00000000c5580000)
 Metaspace       used 769K, capacity 4480K, committed 4480K, reserved 1056768K
  class space    used 75K, capacity 384K, committed 384K, reserved 1048576K

Card table byte_map: [0x0000000011bc0000,0x0000000011dd0000] byte_map_base: 0x00000000115c0000

Marking Bits: (ParMarkBitMap*) 0x000000006f6264f0
 Begin Bits: [0x0000000012730000, 0x0000000013730000)
 End Bits:   [0x0000000013730000, 0x0000000014730000)

Polling page: 0x0000000000850000

CodeCache: size=245760Kb used=328Kb max_used=328Kb free=245431Kb
 bounds [0x0000000002800000, 0x0000000002a70000, 0x0000000011800000]
 total_blobs=58 nmethods=0 adapters=38
 compilation: enabled

Compilation events (0 events):
No events

GC Heap History (0 events):
No events

Deoptimization events (0 events):
No events

Internal exceptions (0 events):
No events

Events (10 events):
Event: 0.021 loading class java/lang/Short
Event: 0.021 loading class java/lang/Short done
Event: 0.021 loading class java/lang/Integer
Event: 0.021 loading class java/lang/Integer done
Event: 0.021 loading class java/lang/Long
Event: 0.022 loading class java/lang/Long done
Event: 0.022 loading class java/lang/NullPointerException
Event: 0.022 loading class java/lang/NullPointerException done
Event: 0.022 loading class java/lang/ArithmeticException
Event: 0.022 loading class java/lang/ArithmeticException done


Dynamic libraries:
0x00007ff7c9f60000 - 0x00007ff7c9f97000 	C:\Program Files\Java\jdk1.8.0_92\bin\java.exe
0x00007ffa5cab0000 - 0x00007ffa5cc8b000 	C:\WINDOWS\SYSTEM32\ntdll.dll
0x00007ffa5a2b0000 - 0x00007ffa5a35e000 	C:\WINDOWS\System32\KERNEL32.DLL
0x00007ffa590d0000 - 0x00007ffa59319000 	C:\WINDOWS\System32\KERNELBASE.dll
0x00007ffa5a180000 - 0x00007ffa5a221000 	C:\WINDOWS\System32\ADVAPI32.dll
0x00007ffa5c4c0000 - 0x00007ffa5c55d000 	C:\WINDOWS\System32\msvcrt.dll
0x00007ffa5a360000 - 0x00007ffa5a3b9000 	C:\WINDOWS\System32\sechost.dll
0x00007ffa5a3c0000 - 0x00007ffa5a4e5000 	C:\WINDOWS\System32\RPCRT4.dll
0x00007ffa5ad30000 - 0x00007ffa5ae7a000 	C:\WINDOWS\System32\USER32.dll
0x00007ffa59ff0000 - 0x00007ffa5a00e000 	C:\WINDOWS\System32\win32u.dll
0x00007ffa5ab90000 - 0x00007ffa5abb7000 	C:\WINDOWS\System32\GDI32.dll
0x00007ffa59760000 - 0x00007ffa598e8000 	C:\WINDOWS\System32\gdi32full.dll
0x00007ffa58fd0000 - 0x00007ffa5906a000 	C:\WINDOWS\System32\msvcp_win.dll
0x00007ffa59610000 - 0x00007ffa59706000 	C:\WINDOWS\System32\ucrtbase.dll
0x00007ffa4b330000 - 0x00007ffa4b597000 	C:\WINDOWS\WinSxS\amd64_microsoft.windows.common-controls_6595b64144ccf1df_6.0.15063.483_none_26002d27e7c744a2\COMCTL32.dll
0x00007ffa5a740000 - 0x00007ffa5aa39000 	C:\WINDOWS\System32\combase.dll
0x00007ffa593d0000 - 0x00007ffa5943a000 	C:\WINDOWS\System32\bcryptPrimitives.dll
0x00007ffa5c560000 - 0x00007ffa5c58d000 	C:\WINDOWS\System32\IMM32.DLL
0x000000006f6b0000 - 0x000000006f782000 	C:\Program Files\Java\jdk1.8.0_92\jre\bin\msvcr100.dll
0x000000006ee10000 - 0x000000006f6a6000 	C:\Program Files\Java\jdk1.8.0_92\jre\bin\server\jvm.dll
0x00007ffa5abc0000 - 0x00007ffa5abc8000 	C:\WINDOWS\System32\PSAPI.DLL
0x00007ffa4eaa0000 - 0x00007ffa4eaaa000 	C:\WINDOWS\SYSTEM32\VERSION.dll
0x00007ffa55e50000 - 0x00007ffa55e59000 	C:\WINDOWS\SYSTEM32\WSOCK32.dll
0x00007ffa57280000 - 0x00007ffa572a3000 	C:\WINDOWS\SYSTEM32\WINMM.dll
0x00007ffa5a230000 - 0x00007ffa5a29c000 	C:\WINDOWS\System32\WS2_32.dll
0x00007ffa56f90000 - 0x00007ffa56fbb000 	C:\WINDOWS\SYSTEM32\winmmbase.dll
0x00007ffa59710000 - 0x00007ffa59759000 	C:\WINDOWS\System32\cfgmgr32.dll
0x000000006ee00000 - 0x000000006ee0f000 	C:\Program Files\Java\jdk1.8.0_92\jre\bin\verify.dll
0x000000006edd0000 - 0x000000006edf9000 	C:\Program Files\Java\jdk1.8.0_92\jre\bin\java.dll
0x000000006edb0000 - 0x000000006edc6000 	C:\Program Files\Java\jdk1.8.0_92\jre\bin\zip.dll

VM Arguments:
jvm_args: -Djava.awt.headless=true -Xmx1024M -Dfile.encoding=windows-1251 -Duser.country=RU -Duser.language=ru -Duser.variant 
java_command: com.android.dx.command.Main --dex --force-jumbo --num-threads=4 --multi-dex --output C:\Users\Mikhail\OneDrive\CountDownTimer\app\build\intermediates\transforms\dex\debug\folders\1000\5\slice_9 C:\Users\Mikhail\OneDrive\CountDownTimer\app\build\intermediates\transforms\instantRunSlicer\debug\folders\1\5\slice_9
java_class_path (initial): C:\Users\Mikhail\AppData\Local\Android\sdk\build-tools\25.0.0\lib\dx.jar
Launcher Type: SUN_STANDARD

Environment Variables:
JAVA_HOME=C:\Program Files\Java\jdk1.8.0_92
PATH=C:\ProgramData\Oracle\Java\javapath;C:\Program Files (x86)\ActiveState Komodo Edit 8\;C:\Program Files (x86)\Intel\iCLS Client\;C:\Program Files\Intel\iCLS Client\;C:\WINDOWS\system32;C:\WINDOWS;C:\WINDOWS\System32\Wbem;C:\WINDOWS\System32\WindowsPowerShell\v1.0\;C:\Program Files (x86)\Intel\OpenCL SDK\3.0\bin\x86;C:\Program Files (x86)\Intel\OpenCL SDK\3.0\bin\x64;C:\Program Files\Intel\Intel(R) Management Engine Components\DAL;C:\Program Files\Intel\Intel(R) Management Engine Components\IPT;C:\Program Files (x86)\Intel\Intel(R) Management Engine Components\DAL;C:\Program Files (x86)\Intel\Intel(R) Management Engine Components\IPT;C:\Program Files (x86)\NVIDIA Corporation\PhysX\Common;C:\WINDOWS\system32;C:\WINDOWS;C:\WINDOWS\System32\Wbem;C:\WINDOWS\System32\WindowsPowerShell\v1.0\;C:\Program Files (x86)\Common Files\Adobe\AGL;C:\Program Files\Microsoft SQL Server\110\Tools\Binn\;C:\Program Files\Microsoft SQL Server\120\Tools\Binn\;C:\Program Files (x86)\Skype\Phone\;C:\Users\Mikhail\AppData\Local\Microsoft\WindowsApps;
USERNAME=Mikhail
OS=Windows_NT
PROCESSOR_IDENTIFIER=Intel64 Family 6 Model 60 Stepping 3, GenuineIntel



---------------  S Y S T E M  ---------------

OS: Windows 10.0 , 64 bit Build 15063 (10.0.15063.296)

CPU:total 8 (4 cores per cpu, 2 threads per core) family 6 model 60 stepping 3, cmov, cx8, fxsr, mmx, sse, sse2, sse3, ssse3, sse4.1, sse4.2, popcnt, avx, avx2, aes, clmul, erms, lzcnt, ht, tsc, tscinvbit, bmi1, bmi2

Memory: 4k page, physical 8266008k(1040720k free), swap 12362008k(34468k free)

vm_info: Java HotSpot(TM) 64-Bit Server VM (25.92-b14) for windows-amd64 JRE (1.8.0_92-b14), built on Mar 31 2016 21:03:04 by "java_re" with MS VC++ 10.0 (VS2010)

time: Thu Sep 21 09:45:16 2017
elapsed time: 2 seconds (0d 0h 0m 2s)

